  main.cpp
C:\Users\arifi\Downloads\CityZoom-opengl-master\CityZoom-opengl-master\Project2\Project2\ObjLoader.h(39,18): warning C4018: '<': signed/unsigned mismatch
C:\Users\arifi\Downloads\CityZoom-opengl-master\CityZoom-opengl-master\Project2\Project2\ObjLoader.h(66,21): warning C4244: 'initializing': conversion from 'double' to 'GLfloat', possible loss of data
C:\Users\arifi\Downloads\CityZoom-opengl-master\CityZoom-opengl-master\Project2\Project2\ObjLoader.h(79,25): warning C4018: '<': signed/unsigned mismatch
C:\Users\arifi\Downloads\CityZoom-opengl-master\CityZoom-opengl-master\Project2\Project2\main.cpp(256,51): warning C4305: 'argument': truncation from 'double' to 'GLfloat'
C:\Users\arifi\Downloads\CityZoom-opengl-master\CityZoom-opengl-master\Project2\Project2\main.cpp(257,50): warning C4305: 'argument': truncation from 'double' to 'GLfloat'
C:\Users\arifi\Downloads\CityZoom-opengl-master\CityZoom-opengl-master\Project2\Project2\main.cpp(258,51): warning C4305: 'argument': truncation from 'double' to 'GLfloat'
C:\Users\arifi\Downloads\CityZoom-opengl-master\CityZoom-opengl-master\Project2\Project2\main.cpp(259,52): warning C4305: 'argument': truncation from 'double' to 'GLfloat'
C:\Users\arifi\Downloads\CityZoom-opengl-master\CityZoom-opengl-master\Project2\Project2\main.cpp(269,51): warning C4305: 'argument': truncation from 'double' to 'GLfloat'
C:\Users\arifi\Downloads\CityZoom-opengl-master\CityZoom-opengl-master\Project2\Project2\main.cpp(270,50): warning C4305: 'argument': truncation from 'double' to 'GLfloat'
C:\Users\arifi\Downloads\CityZoom-opengl-master\CityZoom-opengl-master\Project2\Project2\main.cpp(271,51): warning C4305: 'argument': truncation from 'double' to 'GLfloat'
C:\Users\arifi\Downloads\CityZoom-opengl-master\CityZoom-opengl-master\Project2\Project2\main.cpp(272,52): warning C4305: 'argument': truncation from 'double' to 'GLfloat'
C:\Users\arifi\Downloads\CityZoom-opengl-master\CityZoom-opengl-master\Project2\Project2\main.cpp(281,51): warning C4305: 'argument': truncation from 'double' to 'GLfloat'
C:\Users\arifi\Downloads\CityZoom-opengl-master\CityZoom-opengl-master\Project2\Project2\main.cpp(282,50): warning C4305: 'argument': truncation from 'double' to 'GLfloat'
C:\Users\arifi\Downloads\CityZoom-opengl-master\CityZoom-opengl-master\Project2\Project2\main.cpp(283,51): warning C4305: 'argument': truncation from 'double' to 'GLfloat'
C:\Users\arifi\Downloads\CityZoom-opengl-master\CityZoom-opengl-master\Project2\Project2\main.cpp(284,52): warning C4305: 'argument': truncation from 'double' to 'GLfloat'
C:\Users\arifi\Downloads\CityZoom-opengl-master\CityZoom-opengl-master\Project2\Project2\main.cpp(289,26): warning C4305: 'argument': truncation from 'double' to 'GLfloat'
C:\Users\arifi\Downloads\CityZoom-opengl-master\CityZoom-opengl-master\Project2\Project2\main.cpp(294,51): warning C4305: 'argument': truncation from 'double' to 'GLfloat'
C:\Users\arifi\Downloads\CityZoom-opengl-master\CityZoom-opengl-master\Project2\Project2\main.cpp(295,50): warning C4305: 'argument': truncation from 'double' to 'GLfloat'
C:\Users\arifi\Downloads\CityZoom-opengl-master\CityZoom-opengl-master\Project2\Project2\main.cpp(296,51): warning C4305: 'argument': truncation from 'double' to 'GLfloat'
C:\Users\arifi\Downloads\CityZoom-opengl-master\CityZoom-opengl-master\Project2\Project2\main.cpp(297,52): warning C4305: 'argument': truncation from 'double' to 'GLfloat'
C:\Users\arifi\Downloads\CityZoom-opengl-master\CityZoom-opengl-master\Project2\Project2\main.cpp(304,29): warning C4305: 'argument': truncation from 'double' to 'GLfloat'
C:\Users\arifi\Downloads\CityZoom-opengl-master\CityZoom-opengl-master\Project2\Project2\main.cpp(308,51): warning C4305: 'argument': truncation from 'double' to 'GLfloat'
C:\Users\arifi\Downloads\CityZoom-opengl-master\CityZoom-opengl-master\Project2\Project2\main.cpp(309,50): warning C4305: 'argument': truncation from 'double' to 'GLfloat'
C:\Users\arifi\Downloads\CityZoom-opengl-master\CityZoom-opengl-master\Project2\Project2\main.cpp(310,51): warning C4305: 'argument': truncation from 'double' to 'GLfloat'
C:\Users\arifi\Downloads\CityZoom-opengl-master\CityZoom-opengl-master\Project2\Project2\main.cpp(311,52): warning C4305: 'argument': truncation from 'double' to 'GLfloat'
C:\Users\arifi\Downloads\CityZoom-opengl-master\CityZoom-opengl-master\Project2\Project2\main.cpp(316,30): warning C4305: 'argument': truncation from 'double' to 'GLfloat'
C:\Users\arifi\Downloads\CityZoom-opengl-master\CityZoom-opengl-master\Project2\Project2\main.cpp(320,51): warning C4305: 'argument': truncation from 'double' to 'GLfloat'
C:\Users\arifi\Downloads\CityZoom-opengl-master\CityZoom-opengl-master\Project2\Project2\main.cpp(321,50): warning C4305: 'argument': truncation from 'double' to 'GLfloat'
C:\Users\arifi\Downloads\CityZoom-opengl-master\CityZoom-opengl-master\Project2\Project2\main.cpp(322,51): warning C4305: 'argument': truncation from 'double' to 'GLfloat'
C:\Users\arifi\Downloads\CityZoom-opengl-master\CityZoom-opengl-master\Project2\Project2\main.cpp(323,52): warning C4305: 'argument': truncation from 'double' to 'GLfloat'
C:\Users\arifi\Downloads\CityZoom-opengl-master\CityZoom-opengl-master\Project2\Project2\main.cpp(377,27): warning C4305: 'argument': truncation from 'double' to 'GLfloat'
C:\Users\arifi\Downloads\CityZoom-opengl-master\CityZoom-opengl-master\Project2\Project2\main.cpp(378,24): warning C4305: 'argument': truncation from 'double' to 'GLfloat'
C:\Users\arifi\Downloads\CityZoom-opengl-master\CityZoom-opengl-master\Project2\Project2\main.cpp(385,28): warning C4305: 'argument': truncation from 'double' to 'GLfloat'
C:\Users\arifi\Downloads\CityZoom-opengl-master\CityZoom-opengl-master\Project2\Project2\main.cpp(386,24): warning C4305: 'argument': truncation from 'double' to 'GLfloat'
C:\Users\arifi\Downloads\CityZoom-opengl-master\CityZoom-opengl-master\Project2\Project2\main.cpp(393,27): warning C4305: 'argument': truncation from 'double' to 'GLfloat'
C:\Users\arifi\Downloads\CityZoom-opengl-master\CityZoom-opengl-master\Project2\Project2\main.cpp(394,24): warning C4305: 'argument': truncation from 'double' to 'GLfloat'
C:\Users\arifi\Downloads\CityZoom-opengl-master\CityZoom-opengl-master\Project2\Project2\main.cpp(401,28): warning C4305: 'argument': truncation from 'double' to 'GLfloat'
C:\Users\arifi\Downloads\CityZoom-opengl-master\CityZoom-opengl-master\Project2\Project2\main.cpp(402,24): warning C4305: 'argument': truncation from 'double' to 'GLfloat'
C:\Users\arifi\Downloads\CityZoom-opengl-master\CityZoom-opengl-master\Project2\Project2\main.cpp(411,28): warning C4305: 'argument': truncation from 'double' to 'GLfloat'
C:\Users\arifi\Downloads\CityZoom-opengl-master\CityZoom-opengl-master\Project2\Project2\main.cpp(412,27): warning C4305: 'argument': truncation from 'double' to 'GLfloat'
C:\Users\arifi\Downloads\CityZoom-opengl-master\CityZoom-opengl-master\Project2\Project2\main.cpp(419,29): warning C4305: 'argument': truncation from 'double' to 'GLfloat'
C:\Users\arifi\Downloads\CityZoom-opengl-master\CityZoom-opengl-master\Project2\Project2\main.cpp(420,27): warning C4305: 'argument': truncation from 'double' to 'GLfloat'
C:\Users\arifi\Downloads\CityZoom-opengl-master\CityZoom-opengl-master\Project2\Project2\main.cpp(434,25): warning C4305: 'argument': truncation from 'double' to 'GLfloat'
C:\Users\arifi\Downloads\CityZoom-opengl-master\CityZoom-opengl-master\Project2\Project2\main.cpp(442,24): warning C4305: 'argument': truncation from 'double' to 'GLfloat'
C:\Users\arifi\Downloads\CityZoom-opengl-master\CityZoom-opengl-master\Project2\Project2\main.cpp(456,25): warning C4305: 'argument': truncation from 'double' to 'GLfloat'
C:\Users\arifi\Downloads\CityZoom-opengl-master\CityZoom-opengl-master\Project2\Project2\main.cpp(480,11): warning C4244: 'initializing': conversion from 'double' to 'float', possible loss of data
C:\Users\arifi\Downloads\CityZoom-opengl-master\CityZoom-opengl-master\Project2\Project2\main.cpp(492,11): warning C4244: 'initializing': conversion from 'double' to 'float', possible loss of data
C:\Users\arifi\Downloads\CityZoom-opengl-master\CityZoom-opengl-master\Project2\Project2\main.cpp(508,11): warning C4244: 'initializing': conversion from 'double' to 'float', possible loss of data
C:\Users\arifi\Downloads\CityZoom-opengl-master\CityZoom-opengl-master\Project2\Project2\main.cpp(525,53): warning C4305: 'initializing': truncation from 'double' to 'GLfloat'
C:\Users\arifi\Downloads\CityZoom-opengl-master\CityZoom-opengl-master\Project2\Project2\main.cpp(527,58): warning C4305: 'initializing': truncation from 'double' to 'GLfloat'
  Project2.vcxproj -> C:\Users\arifi\Downloads\CityZoom-opengl-master\CityZoom-opengl-master\Project2\Debug\Project2.exe
